<?xml version="1.0" encoding="UTF-8"?>
<testng-results ignored="0" total="1" passed="1" failed="0" skipped="0">
  <reporter-output>
  </reporter-output>
  <suite started-at="2025-08-22T12:43:50 IST" name="Default suite" finished-at="2025-08-22T12:43:51 IST" duration-ms="50">
    <groups>
    </groups>
    <test started-at="2025-08-22T12:43:50 IST" name="Default test" finished-at="2025-08-22T12:43:51 IST" duration-ms="50">
      <class name="Prep___.ReadDataFromCMDLine">
        <test-method signature="readData()[pri:0, instance:Prep___.ReadDataFromCMDLine@2d3379b4]" started-at="2025-08-22T12:43:50 IST" name="readData" finished-at="2025-08-22T12:43:51 IST" duration-ms="10" status="PASS">
          <reporter-output>
          </reporter-output>
        </test-method> <!-- readData -->
      </class> <!-- Prep___.ReadDataFromCMDLine -->
    </test> <!-- Default test -->
  </suite> <!-- Default suite -->
</testng-results>
